C:\USERS\TOBI\DOCUMENTS\VISUAL STUDIO 2012\PROJECTS\TILESHUFFLE\TILESHUFFLE\RELEASE\TILESHUFFLE.PCH
C:\USERS\TOBI\DOCUMENTS\VISUAL STUDIO 2012\PROJECTS\TILESHUFFLE\TILESHUFFLE\RELEASE\STDAFX.OBJ
C:\USERS\TOBI\DOCUMENTS\VISUAL STUDIO 2012\PROJECTS\TILESHUFFLE\TILESHUFFLE\RELEASE\VC110.PDB
C:\USERS\TOBI\DOCUMENTS\VISUAL STUDIO 2012\PROJECTS\TILESHUFFLE\TILESHUFFLE\RELEASE\TILESHUFFLE.OBJ
C:\USERS\TOBI\DOCUMENTS\VISUAL STUDIO 2012\PROJECTS\TILESHUFFLE\TILESHUFFLE\RELEASE\TILEMAP.OBJ
C:\USERS\TOBI\DOCUMENTS\VISUAL STUDIO 2012\PROJECTS\TILESHUFFLE\TILESHUFFLE\RELEASE\TILE.OBJ
C:\USERS\TOBI\DOCUMENTS\VISUAL STUDIO 2012\PROJECTS\TILESHUFFLE\RELEASE\TILESHUFFLE.EXE
C:\USERS\TOBI\DOCUMENTS\VISUAL STUDIO 2012\PROJECTS\TILESHUFFLE\RELEASE\TILESHUFFLE.PDB
C:\USERS\TOBI\DOCUMENTS\VISUAL STUDIO 2012\PROJECTS\TILESHUFFLE\TILESHUFFLE\RELEASE\TILESHUFFLE.RES
C:\Users\Tobi\documents\visual studio 2012\Projects\TileShuffle\TileShuffle\Release\stdafx.obj
C:\Users\Tobi\documents\visual studio 2012\Projects\TileShuffle\TileShuffle\Release\tile.obj
C:\Users\Tobi\documents\visual studio 2012\Projects\TileShuffle\TileShuffle\Release\tileMap.obj
C:\Users\Tobi\documents\visual studio 2012\Projects\TileShuffle\TileShuffle\Release\TileShuffle.obj
C:\Users\Tobi\documents\visual studio 2012\Projects\TileShuffle\TileShuffle\Release\cl.command.1.tlog
C:\Users\Tobi\documents\visual studio 2012\Projects\TileShuffle\TileShuffle\Release\CL.read.1.tlog
C:\Users\Tobi\documents\visual studio 2012\Projects\TileShuffle\TileShuffle\Release\CL.write.1.tlog
C:\Users\Tobi\documents\visual studio 2012\Projects\TileShuffle\TileShuffle\Release\link-cvtres.read.1.tlog
C:\Users\Tobi\documents\visual studio 2012\Projects\TileShuffle\TileShuffle\Release\link-cvtres.write.1.tlog
C:\Users\Tobi\documents\visual studio 2012\Projects\TileShuffle\TileShuffle\Release\link-rc.read.1.tlog
C:\Users\Tobi\documents\visual studio 2012\Projects\TileShuffle\TileShuffle\Release\link-rc.write.1.tlog
C:\Users\Tobi\documents\visual studio 2012\Projects\TileShuffle\TileShuffle\Release\link.command.1.tlog
C:\Users\Tobi\documents\visual studio 2012\Projects\TileShuffle\TileShuffle\Release\link.read.1.tlog
C:\Users\Tobi\documents\visual studio 2012\Projects\TileShuffle\TileShuffle\Release\link.write.1.tlog
C:\Users\Tobi\documents\visual studio 2012\Projects\TileShuffle\TileShuffle\Release\rc.command.1.tlog
C:\Users\Tobi\documents\visual studio 2012\Projects\TileShuffle\TileShuffle\Release\rc.read.1.tlog
C:\Users\Tobi\documents\visual studio 2012\Projects\TileShuffle\TileShuffle\Release\rc.write.1.tlog
C:\Users\Tobi\documents\visual studio 2012\Projects\TileShuffle\TileShuffle\Release\TileShuffle.res
C:\Users\Tobi\documents\visual studio 2012\Projects\TileShuffle\TileShuffle\Release\TileShuffle.pch
C:\Users\Tobi\documents\visual studio 2012\Projects\TileShuffle\TileShuffle\Release\vc110.pdb
C:\Users\Tobi\documents\visual studio 2012\Projects\TileShuffle\Release\TileShuffle.pdb
C:\Users\Tobi\documents\visual studio 2012\Projects\TileShuffle\Release\TileShuffle.exe
