C:\USERS\TOBI\DOCUMENTS\VISUAL STUDIO 2012\PROJECTS\TILESHUFFLE\TILESHUFFLE\DEBUG\TILESHUFFLE.PCH
C:\USERS\TOBI\DOCUMENTS\VISUAL STUDIO 2012\PROJECTS\TILESHUFFLE\TILESHUFFLE\DEBUG\STDAFX.OBJ
C:\USERS\TOBI\DOCUMENTS\VISUAL STUDIO 2012\PROJECTS\TILESHUFFLE\TILESHUFFLE\DEBUG\VC110.PDB
C:\USERS\TOBI\DOCUMENTS\VISUAL STUDIO 2012\PROJECTS\TILESHUFFLE\TILESHUFFLE\DEBUG\TILE.OBJ
C:\USERS\TOBI\DOCUMENTS\VISUAL STUDIO 2012\PROJECTS\TILESHUFFLE\TILESHUFFLE\DEBUG\TILEMAP.OBJ
C:\USERS\TOBI\DOCUMENTS\VISUAL STUDIO 2012\PROJECTS\TILESHUFFLE\TILESHUFFLE\DEBUG\TILESHUFFLE.OBJ
C:\USERS\TOBI\DOCUMENTS\VISUAL STUDIO 2012\PROJECTS\TILESHUFFLE\DEBUG\TILESHUFFLE.ILK
C:\USERS\TOBI\DOCUMENTS\VISUAL STUDIO 2012\PROJECTS\TILESHUFFLE\DEBUG\TILESHUFFLE.EXE
C:\USERS\TOBI\DOCUMENTS\VISUAL STUDIO 2012\PROJECTS\TILESHUFFLE\DEBUG\TILESHUFFLE.PDB
C:\USERS\TOBI\DOCUMENTS\VISUAL STUDIO 2012\PROJECTS\TILESHUFFLE\TILESHUFFLE\DEBUG\TILESHUFFLE.RES
C:\Users\Tobi\documents\visual studio 2012\Projects\TileShuffle\TileShuffle\Debug\stdafx.obj
C:\Users\Tobi\documents\visual studio 2012\Projects\TileShuffle\TileShuffle\Debug\tile.obj
C:\Users\Tobi\documents\visual studio 2012\Projects\TileShuffle\TileShuffle\Debug\tileMap.obj
C:\Users\Tobi\documents\visual studio 2012\Projects\TileShuffle\TileShuffle\Debug\TileShuffle.obj
C:\Users\Tobi\documents\visual studio 2012\Projects\TileShuffle\TileShuffle\Debug\cl.command.1.tlog
C:\Users\Tobi\documents\visual studio 2012\Projects\TileShuffle\TileShuffle\Debug\CL.read.1.tlog
C:\Users\Tobi\documents\visual studio 2012\Projects\TileShuffle\TileShuffle\Debug\CL.write.1.tlog
C:\Users\Tobi\documents\visual studio 2012\Projects\TileShuffle\TileShuffle\Debug\link-cvtres.read.1.tlog
C:\Users\Tobi\documents\visual studio 2012\Projects\TileShuffle\TileShuffle\Debug\link-cvtres.write.1.tlog
C:\Users\Tobi\documents\visual studio 2012\Projects\TileShuffle\TileShuffle\Debug\link-rc.read.1.tlog
C:\Users\Tobi\documents\visual studio 2012\Projects\TileShuffle\TileShuffle\Debug\link-rc.write.1.tlog
C:\Users\Tobi\documents\visual studio 2012\Projects\TileShuffle\TileShuffle\Debug\link.command.1.tlog
C:\Users\Tobi\documents\visual studio 2012\Projects\TileShuffle\TileShuffle\Debug\link.read.1.tlog
C:\Users\Tobi\documents\visual studio 2012\Projects\TileShuffle\TileShuffle\Debug\link.write.1.tlog
C:\Users\Tobi\documents\visual studio 2012\Projects\TileShuffle\TileShuffle\Debug\rc.command.1.tlog
C:\Users\Tobi\documents\visual studio 2012\Projects\TileShuffle\TileShuffle\Debug\rc.read.1.tlog
C:\Users\Tobi\documents\visual studio 2012\Projects\TileShuffle\TileShuffle\Debug\rc.write.1.tlog
C:\Users\Tobi\documents\visual studio 2012\Projects\TileShuffle\TileShuffle\Debug\TileShuffle.res
C:\Users\Tobi\documents\visual studio 2012\Projects\TileShuffle\TileShuffle\Debug\TileShuffle.pch
C:\Users\Tobi\documents\visual studio 2012\Projects\TileShuffle\TileShuffle\Debug\vc110.idb
C:\Users\Tobi\documents\visual studio 2012\Projects\TileShuffle\TileShuffle\Debug\vc110.pdb
C:\Users\Tobi\documents\visual studio 2012\Projects\TileShuffle\Debug\TileShuffle.pdb
C:\Users\Tobi\documents\visual studio 2012\Projects\TileShuffle\Debug\TileShuffle.exe
C:\Users\Tobi\documents\visual studio 2012\Projects\TileShuffle\Debug\TileShuffle.ilk
